Architecture:        x86_64
CPU op-mode(s):      32-bit, 64-bit
Byte Order:          Little Endian
CPU(s):              64
On-line CPU(s) list: 0-63
Thread(s) per core:  2
Core(s) per socket:  16
Socket(s):           2
NUMA node(s):        2
Vendor ID:           GenuineIntel
CPU family:          6
Model:               79
Model name:          Intel(R) Xeon(R) CPU E5-2683 v4 @ 2.10GHz
Stepping:            1
CPU MHz:             3000.000
CPU max MHz:         3000.0000
CPU min MHz:         1200.0000
BogoMIPS:            4190.01
L1d cache:           32K
L1i cache:           32K
L2 cache:            256K
L3 cache:            40960K
NUMA node0 CPU(s):   0-15,32-47
NUMA node1 CPU(s):   16-31,48-63
Flags:               fpu vme de pse tsc msr pae mce cx8 apic sep mtrr pge mca cmov pat pse36 clflush dts acpi mmx fxsr sse sse2 ss ht tm pbe syscall nx pdpe1gb rdtscp lm constant_tsc arch_perfmon pebs bts rep_good nopl xtopology nonstop_tsc cpuid aperfmperf pni pclmulqdq dtes64 monitor ds_cpl smx est tm2 ssse3 sdbg fma cx16 xtpr pdcm pcid dca sse4_1 sse4_2 x2apic movbe popcnt aes xsave avx f16c rdrand lahf_lm abm 3dnowprefetch cpuid_fault epb cat_l3 cdp_l3 invpcid_single pti intel_ppin fsgsbase tsc_adjust bmi1 hle avx2 smep bmi2 erms invpcid rtm cqm rdt_a rdseed adx smap intel_pt xsaveopt cqm_llc cqm_occup_llc cqm_mbm_total cqm_mbm_local dtherm ida arat pln pts
Sun Sep 24 13:15:10 PDT 2023
-- The C compiler identification is GNU 9.2.1
-- The CXX compiler identification is GNU 9.2.1
-- Detecting C compiler ABI info
-- Detecting C compiler ABI info - done
-- Check for working C compiler: /opt/rh/gcc-toolset-9/root/usr/bin/cc - skipped
-- Detecting C compile features
-- Detecting C compile features - done
-- Detecting CXX compiler ABI info
-- Detecting CXX compiler ABI info - done
-- Check for working CXX compiler: /opt/rh/gcc-toolset-9/root/usr/bin/c++ - skipped
-- Detecting CXX compile features
-- Detecting CXX compile features - done
-- Performing Test CMAKE_HAVE_LIBC_PTHREAD
-- Performing Test CMAKE_HAVE_LIBC_PTHREAD - Failed
-- Looking for pthread_create in pthreads
-- Looking for pthread_create in pthreads - not found
-- Looking for pthread_create in pthread
-- Looking for pthread_create in pthread - found
-- Found Threads: TRUE  
-- Found ZLIB: /usr/lib64/libz.so (found version "1.2.11")  
-- Configuring done (1.8s)
-- Generating done (0.0s)
-- Build files have been written to: /rhome/dparm003/PBSkip/src/sequential/build
[ 25%] Building CXX object CMakeFiles/ProfileProject.dir/testprofile.cpp.o
[ 50%] Building CXX object CMakeFiles/ProfileProject.dir/profile.pbs.cpp.o
[ 75%] Building CXX object CMakeFiles/ProfileProject.dir/rhome/dparm003/PBSkip/src/schema/profile.pb.cc.o
[100%] Linking CXX executable ProfileProject
[100%] Built target ProfileProject
-- The C compiler identification is GNU 9.2.1
-- The CXX compiler identification is GNU 9.2.1
-- Detecting C compiler ABI info
-- Detecting C compiler ABI info - done
-- Check for working C compiler: /opt/rh/gcc-toolset-9/root/usr/bin/cc - skipped
-- Detecting C compile features
-- Detecting C compile features - done
-- Detecting CXX compiler ABI info
-- Detecting CXX compiler ABI info - done
-- Check for working CXX compiler: /opt/rh/gcc-toolset-9/root/usr/bin/c++ - skipped
-- Detecting CXX compile features
-- Detecting CXX compile features - done
-- Performing Test CMAKE_HAVE_LIBC_PTHREAD
-- Performing Test CMAKE_HAVE_LIBC_PTHREAD - Failed
-- Looking for pthread_create in pthreads
-- Looking for pthread_create in pthreads - not found
-- Looking for pthread_create in pthread
-- Looking for pthread_create in pthread - found
-- Found Threads: TRUE  
-- Found ZLIB: /usr/lib64/libz.so (found version "1.2.11")  
-- Configuring done (1.0s)
-- Generating done (0.0s)
-- Build files have been written to: /rhome/dparm003/PBSkip/src/parallel/build
[ 25%] Building CXX object CMakeFiles/ProfileProject.dir/testprofile.cpp.o
[ 50%] Building CXX object CMakeFiles/ProfileProject.dir/profile.pbs.cpp.o
[ 75%] Building CXX object CMakeFiles/ProfileProject.dir/rhome/dparm003/PBSkip/src/schema/profile.pb.cc.o
[100%] Linking CXX executable ProfileProject
[100%] Built target ProfileProject
-- The C compiler identification is GNU 9.2.1
-- The CXX compiler identification is GNU 9.2.1
-- Detecting C compiler ABI info
-- Detecting C compiler ABI info - done
-- Check for working C compiler: /opt/rh/gcc-toolset-9/root/usr/bin/cc - skipped
-- Detecting C compile features
-- Detecting C compile features - done
-- Detecting CXX compiler ABI info
-- Detecting CXX compiler ABI info - done
-- Check for working CXX compiler: /opt/rh/gcc-toolset-9/root/usr/bin/c++ - skipped
-- Detecting CXX compile features
-- Detecting CXX compile features - done
-- Performing Test CMAKE_HAVE_LIBC_PTHREAD
-- Performing Test CMAKE_HAVE_LIBC_PTHREAD - Failed
-- Looking for pthread_create in pthreads
-- Looking for pthread_create in pthreads - not found
-- Looking for pthread_create in pthread
-- Looking for pthread_create in pthread - found
-- Found Threads: TRUE  
-- Found ZLIB: /usr/lib64/libz.so (found version "1.2.11")  
-- Configuring done (1.0s)
-- Generating done (0.0s)
-- Build files have been written to: /rhome/dparm003/PBSkip/src/google_api/build
[ 33%] Building CXX object CMakeFiles/ProfileProject.dir/testprofile.cpp.o
[ 66%] Building CXX object CMakeFiles/ProfileProject.dir/rhome/dparm003/PBSkip/src/schema/profile.pb.cc.o
[100%] Linking CXX executable ProfileProject
[100%] Built target ProfileProject
-- The C compiler identification is GNU 9.2.1
-- The CXX compiler identification is GNU 9.2.1
-- Detecting C compiler ABI info
-- Detecting C compiler ABI info - done
-- Check for working C compiler: /opt/rh/gcc-toolset-9/root/usr/bin/cc - skipped
-- Detecting C compile features
-- Detecting C compile features - done
-- Detecting CXX compiler ABI info
-- Detecting CXX compiler ABI info - done
-- Check for working CXX compiler: /opt/rh/gcc-toolset-9/root/usr/bin/c++ - skipped
-- Detecting CXX compile features
-- Detecting CXX compile features - done
-- Performing Test CMAKE_HAVE_LIBC_PTHREAD
-- Performing Test CMAKE_HAVE_LIBC_PTHREAD - Failed
-- Looking for pthread_create in pthreads
-- Looking for pthread_create in pthreads - not found
-- Looking for pthread_create in pthread
-- Looking for pthread_create in pthread - found
-- Found Threads: TRUE  
-- Found ZLIB: /usr/lib64/libz.so (found version "1.2.11")  
-- Configuring done (1.0s)
-- Generating done (0.0s)
-- Build files have been written to: /rhome/dparm003/PBSkip/src/pthreads/build
[ 25%] Building CXX object CMakeFiles/ProfileProject.dir/testprofile.cpp.o
[ 50%] Building CXX object CMakeFiles/ProfileProject.dir/profile.pbs.cpp.o
[ 75%] Building CXX object CMakeFiles/ProfileProject.dir/rhome/dparm003/PBSkip/src/schema/profile.pb.cc.o
[100%] Linking CXX executable ProfileProject
[100%] Built target ProfileProject
-- The C compiler identification is GNU 9.2.1
-- The CXX compiler identification is GNU 9.2.1
-- Detecting C compiler ABI info
-- Detecting C compiler ABI info - done
-- Check for working C compiler: /opt/rh/gcc-toolset-9/root/usr/bin/cc - skipped
-- Detecting C compile features
-- Detecting C compile features - done
-- Detecting CXX compiler ABI info
-- Detecting CXX compiler ABI info - done
-- Check for working CXX compiler: /opt/rh/gcc-toolset-9/root/usr/bin/c++ - skipped
-- Detecting CXX compile features
-- Detecting CXX compile features - done
-- Performing Test CMAKE_HAVE_LIBC_PTHREAD
-- Performing Test CMAKE_HAVE_LIBC_PTHREAD - Failed
-- Looking for pthread_create in pthreads
-- Looking for pthread_create in pthreads - not found
-- Looking for pthread_create in pthread
-- Looking for pthread_create in pthread - found
-- Found Threads: TRUE  
-- Found ZLIB: /usr/lib64/libz.so (found version "1.2.11")  
-- Configuring done (1.0s)
-- Generating done (0.0s)
-- Build files have been written to: /rhome/dparm003/PBSkip/src/dac/build
[ 25%] Building CXX object CMakeFiles/ProfileProject.dir/time.cpp.o
[ 50%] Building CXX object CMakeFiles/ProfileProject.dir/profile.pbs.cpp.o
[ 75%] Building CXX object CMakeFiles/ProfileProject.dir/rhome/dparm003/PBSkip/src/schema/profile.pb.cc.o
[100%] Linking CXX executable ProfileProject
[100%] Built target ProfileProject
------------------Running the 2 pthreads version-------------------
threads: 2 master: 5.94024 time: 23.8004s
threads: 2 master: 5.03763 time: 22.9036s
threads: 2 master: 5.05298 time: 22.9559s
threads: 2 master: 5.0572 time: 22.9369s
threads: 2 master: 5.00466 time: 22.9661s
threads: 2 master: 5.01605 time: 22.8799s
threads: 2 master: 5.0337 time: 22.8836s
threads: 2 master: 4.98472 time: 22.7991s
threads: 2 master: 4.9958 time: 22.8028s
threads: 2 master: 4.99045 time: 22.8127s
------------------Running the 4 pthreads version-------------------
threads: 4 master: 5.0762 time: 15.501s
threads: 4 master: 5.01529 time: 15.6433s
threads: 4 master: 5.03478 time: 15.4543s
threads: 4 master: 5.03611 time: 15.4671s
threads: 4 master: 5.03206 time: 15.5019s
threads: 4 master: 5.03794 time: 15.5516s
threads: 4 master: 5.05063 time: 15.5548s
threads: 4 master: 5.04596 time: 15.6804s
threads: 4 master: 5.03476 time: 15.5202s
threads: 4 master: 5.04849 time: 15.5416s
------------------Running the 8 pthreads version-------------------
threads: 8 master: 5.04537 time: 11.3108s
threads: 8 master: 5.06034 time: 11.3758s
threads: 8 master: 5.04791 time: 11.3432s
threads: 8 master: 4.99678 time: 11.2438s
threads: 8 master: 5.05892 time: 11.9081s
threads: 8 master: 5.00523 time: 11.3361s
threads: 8 master: 5.01462 time: 11.4562s
threads: 8 master: 5.07159 time: 12.0166s
threads: 8 master: 5.05122 time: 11.557s
threads: 8 master: 5.06207 time: 11.9039s
------------------Running the 16 pthreads version------------------
threads: 16 master: 5.00086 time: 9.35969s
threads: 16 master: 5.02899 time: 9.39047s
threads: 16 master: 5.05571 time: 9.34723s
threads: 16 master: 5.03607 time: 9.46302s
threads: 16 master: 5.00548 time: 9.26301s
threads: 16 master: 5.04364 time: 9.22773s
threads: 16 master: 4.99891 time: 9.14286s
threads: 16 master: 5.00444 time: 9.1569s
threads: 16 master: 5.03953 time: 9.09245s
threads: 16 master: 5.00024 time: 9.29997s
------------------Running the 32 pthreads version------------------
threads: 32 master: 5.05341 time: 9.52054s
threads: 32 master: 5.01698 time: 9.59371s
threads: 32 master: 5.02043 time: 9.66167s
threads: 32 master: 5.02459 time: 9.69438s
threads: 32 master: 5.05274 time: 9.6609s
threads: 32 master: 5.02682 time: 9.53791s
threads: 32 master: 5.01182 time: 9.48461s
threads: 32 master: 5.01736 time: 9.55694s
threads: 32 master: 5.06038 time: 9.69943s
threads: 32 master: 5.03413 time: 9.57657s
------------------Running the 64 pthreads version------------------
threads: 64 master: 5.05853 time: 10.1735s
threads: 64 master: 5.02308 time: 9.7155s
threads: 64 master: 5.08117 time: 9.73793s
threads: 64 master: 5.03408 time: 9.69934s
threads: 64 master: 5.04725 time: 9.65461s
threads: 64 master: 5.02842 time: 9.55231s
threads: 64 master: 5.08017 time: 9.76272s
threads: 64 master: 5.02508 time: 9.57422s
threads: 64 master: 5.02227 time: 9.62022s
threads: 64 master: 5.03166 time: 9.59603s
------------------Running the Sequential verison-------------------
time: 34.7267s
time: 34.815s
time: 34.7167s
time: 35.4233s
time: 34.7015s
time: 34.8394s
time: 34.7601s
time: 34.6902s
time: 34.8456s
time: 34.7512s
------------------Running the Parallel verison---------------------
master: 5.0906 time: 8.99385s
master: 5.06914 time: 10.3589s
master: 5.04385 time: 8.92108s
master: 5.10342 time: 9.15892s
master: 5.08036 time: 8.9962s
master: 5.05431 time: 9.22639s
master: 5.053 time: 9.26688s
master: 5.11102 time: 9.05523s
master: 5.06389 time: 9.01913s
master: 5.12197 time: 9.03588s
------------------Running the Google API verison-------------------
time: 35.8686s
time: 35.8556s
time: 35.8903s
time: 35.9015s
time: 35.8745s
time: 35.8461s
time: 35.9273s
time: 35.868s
time: 35.8553s
time: 35.8412s
------------------Running the DAC verison-------------------
time2: 31.3646s
time1: 31.4717s
merge: 0.0955947 time: 31.5729 s 
time2: 31.6725s
time1: 32.0259s
merge: 0.0962308 time: 32.1268 s 
time1: 32.7777s
time2: 32.8625s
merge: 0.09581 time: 32.9629 s 
time1: 31.3781s
time2: 31.4593s
merge: 0.0963854 time: 31.5602 s 
time2: 31.5586s
time1: 31.6453s
merge: 0.0997428 time: 31.7509 s 
time1: 31.9037s
time2: 32.0347s
merge: 0.0941332 time: 32.1335 s 
time1: 32.8695s
time2: 32.9525s
merge: 0.0948384 time: 33.052 s 
time1: 31.5217s
time2: 31.6001s
merge: 0.107128 time: 31.7118 s 
time1: 33.0226s
time2: 33.103s
merge: 0.0965274 time: 33.2041 s 
time1: 33.4724s
time2: 33.5365s
merge: 0.097181 time: 33.6383 s 
i36
