Tue Aug 22 15:50:53 PDT 2023
-- The C compiler identification is GNU 9.2.1
-- The CXX compiler identification is GNU 9.2.1
-- Detecting C compiler ABI info
-- Detecting C compiler ABI info - done
-- Check for working C compiler: /opt/rh/gcc-toolset-9/root/usr/bin/cc - skipped
-- Detecting C compile features
-- Detecting C compile features - done
-- Detecting CXX compiler ABI info
-- Detecting CXX compiler ABI info - done
-- Check for working CXX compiler: /opt/rh/gcc-toolset-9/root/usr/bin/c++ - skipped
-- Detecting CXX compile features
-- Detecting CXX compile features - done
-- Performing Test CMAKE_HAVE_LIBC_PTHREAD
-- Performing Test CMAKE_HAVE_LIBC_PTHREAD - Failed
-- Looking for pthread_create in pthreads
-- Looking for pthread_create in pthreads - not found
-- Looking for pthread_create in pthread
-- Looking for pthread_create in pthread - found
-- Found Threads: TRUE  
-- Found ZLIB: /usr/lib64/libz.so (found version "1.2.11")  
-- Configuring done (1.0s)
-- Generating done (0.0s)
-- Build files have been written to: /rhome/dparm003/PBSkip/src/sequential/build
[ 25%] Building CXX object CMakeFiles/ProfileProject.dir/testprofile.cpp.o
[ 50%] Building CXX object CMakeFiles/ProfileProject.dir/rhome/dparm003/PBSkip/src/generated/profile.pbs.cpp.o
[ 75%] Building CXX object CMakeFiles/ProfileProject.dir/rhome/dparm003/PBSkip/src/schema/profile.pb.cc.o
[100%] Linking CXX executable ProfileProject
[100%] Built target ProfileProject
-- The C compiler identification is GNU 9.2.1
-- The CXX compiler identification is GNU 9.2.1
-- Detecting C compiler ABI info
-- Detecting C compiler ABI info - done
-- Check for working C compiler: /opt/rh/gcc-toolset-9/root/usr/bin/cc - skipped
-- Detecting C compile features
-- Detecting C compile features - done
-- Detecting CXX compiler ABI info
-- Detecting CXX compiler ABI info - done
-- Check for working CXX compiler: /opt/rh/gcc-toolset-9/root/usr/bin/c++ - skipped
-- Detecting CXX compile features
-- Detecting CXX compile features - done
-- Performing Test CMAKE_HAVE_LIBC_PTHREAD
-- Performing Test CMAKE_HAVE_LIBC_PTHREAD - Failed
-- Looking for pthread_create in pthreads
-- Looking for pthread_create in pthreads - not found
-- Looking for pthread_create in pthread
-- Looking for pthread_create in pthread - found
-- Found Threads: TRUE  
-- Found ZLIB: /usr/lib64/libz.so (found version "1.2.11")  
-- Configuring done (1.0s)
-- Generating done (0.0s)
-- Build files have been written to: /rhome/dparm003/PBSkip/src/parallel/build
[ 25%] Building CXX object CMakeFiles/ProfileProject.dir/testprofile.cpp.o
[ 50%] Building CXX object CMakeFiles/ProfileProject.dir/profile.pbs.cpp.o
[ 75%] Building CXX object CMakeFiles/ProfileProject.dir/rhome/dparm003/PBSkip/src/schema/profile.pb.cc.o
[100%] Linking CXX executable ProfileProject
[100%] Built target ProfileProject
-- The C compiler identification is GNU 9.2.1
-- The CXX compiler identification is GNU 9.2.1
-- Detecting C compiler ABI info
-- Detecting C compiler ABI info - done
-- Check for working C compiler: /opt/rh/gcc-toolset-9/root/usr/bin/cc - skipped
-- Detecting C compile features
-- Detecting C compile features - done
-- Detecting CXX compiler ABI info
-- Detecting CXX compiler ABI info - done
-- Check for working CXX compiler: /opt/rh/gcc-toolset-9/root/usr/bin/c++ - skipped
-- Detecting CXX compile features
-- Detecting CXX compile features - done
-- Performing Test CMAKE_HAVE_LIBC_PTHREAD
-- Performing Test CMAKE_HAVE_LIBC_PTHREAD - Failed
-- Looking for pthread_create in pthreads
-- Looking for pthread_create in pthreads - not found
-- Looking for pthread_create in pthread
-- Looking for pthread_create in pthread - found
-- Found Threads: TRUE  
-- Found ZLIB: /usr/lib64/libz.so (found version "1.2.11")  
-- Configuring done (0.9s)
-- Generating done (0.0s)
-- Build files have been written to: /rhome/dparm003/PBSkip/src/google_api/build
[ 33%] Building CXX object CMakeFiles/ProfileProject.dir/testprofile.cpp.o
[ 66%] Building CXX object CMakeFiles/ProfileProject.dir/rhome/dparm003/PBSkip/src/schema/profile.pb.cc.o
[100%] Linking CXX executable ProfileProject
[100%] Built target ProfileProject
------------------Running the sequential verison-----------------
Parsing dataset/zz.prof with custom API
content size: 1084012708
Time for custom parse in Sequential:
attempt 0 34.5035s
attempt 1 34.0035s
attempt 2 34.0725s
attempt 3 34.1395s
attempt 4 34.1569s
attempt 5 34.1972s
attempt 6 34.2014s
attempt 7 34.2586s
attempt 8 34.2478s
attempt 9 34.2879s
average: 34.2069s
---------------------Running the parallel version----------------------
Parsing dataset/zz.prof with custom API
content size: 1084012708
Time for custom parse in parallel:
attempt 1 8.96304s
attempt 2 11.592s
attempt 3 11.5034s
attempt 4 8.73853s
attempt 5 8.87083s
attempt 6 10.9596s
attempt 7 9.12788s
attempt 8 8.9973s
attempt 9 10.5589s
attempt 10 9.0399s
average: 9.83513s
---------------------Running the Google API version----------------------
Parsing dataset/zz.prof with Google API
Time for Google API parse:
attempt 1 35.993s
attempt 2 19.0841s
attempt 3 19.1192s
attempt 4 19.1351s
attempt 5 19.1319s
attempt 6 19.1302s
attempt 7 19.1346s
attempt 8 19.1796s
attempt 9 19.1349s
attempt 10 19.13s
average: 20.8173s
i40
